{"/home/oleg/range-array/lib/index.js":{"path":"/home/oleg/range-array/lib/index.js","s":{"1":1,"2":1,"3":15,"4":1},"b":{},"f":{"1":15},"fnMap":{"1":{"name":"rangeArrayToString","line":10,"loc":{"start":{"line":10,"column":0},"end":{"line":10,"column":33}}}},"statementMap":{"1":{"start":{"line":2,"column":0},"end":{"line":2,"column":49}},"2":{"start":{"line":10,"column":0},"end":{"line":12,"column":1}},"3":{"start":{"line":11,"column":1},"end":{"line":11,"column":51}},"4":{"start":{"line":14,"column":0},"end":{"line":14,"column":36}}},"branchMap":{}},"/home/oleg/range-array/lib/arrayRangeLib.js":{"path":"/home/oleg/range-array/lib/arrayRangeLib.js","s":{"1":1,"2":15,"3":15,"4":15,"5":4,"6":15,"7":15,"8":1,"9":1,"10":14,"11":76,"12":1,"13":1,"14":75,"15":1,"16":1,"17":74,"18":1,"19":1,"20":14,"21":15,"22":15,"23":4,"24":11,"25":11,"26":168,"27":11,"28":68,"29":28,"30":28,"31":40,"32":40,"33":40,"34":68,"35":11,"36":57,"37":57,"38":57,"39":57,"40":97,"41":11,"42":28,"43":14,"44":14,"45":28,"46":14,"47":14,"48":14,"49":1},"b":{"1":[1,14],"2":[1,75],"3":[1,74],"4":[1,73],"5":[74,62],"6":[4,11],"7":[28,40],"8":[11,57],"9":[14,14],"10":[11,3]},"f":{"1":15,"2":15,"3":15,"4":168,"5":11,"6":68,"7":57,"8":97,"9":11,"10":14},"fnMap":{"1":{"name":"(anonymous_1)","line":11,"loc":{"start":{"line":11,"column":24},"end":{"line":11,"column":30}}},"2":{"name":"(anonymous_2)","line":28,"loc":{"start":{"line":28,"column":10},"end":{"line":28,"column":16}}},"3":{"name":"(anonymous_3)","line":66,"loc":{"start":{"line":66,"column":20},"end":{"line":66,"column":26}}},"4":{"name":"(anonymous_4)","line":86,"loc":{"start":{"line":86,"column":13},"end":{"line":86,"column":19}}},"5":{"name":"(anonymous_5)","line":97,"loc":{"start":{"line":97,"column":18},"end":{"line":97,"column":24}}},"6":{"name":"(anonymous_6)","line":122,"loc":{"start":{"line":122,"column":21},"end":{"line":122,"column":45}}},"7":{"name":"(anonymous_7)","line":143,"loc":{"start":{"line":143,"column":19},"end":{"line":143,"column":28}}},"8":{"name":"(anonymous_8)","line":156,"loc":{"start":{"line":156,"column":18},"end":{"line":156,"column":27}}},"9":{"name":"(anonymous_9)","line":167,"loc":{"start":{"line":167,"column":19},"end":{"line":167,"column":25}}},"10":{"name":"(anonymous_10)","line":188,"loc":{"start":{"line":188,"column":25},"end":{"line":188,"column":31}}}},"statementMap":{"1":{"start":{"line":3,"column":0},"end":{"line":202,"column":2}},"2":{"start":{"line":12,"column":2},"end":{"line":18,"column":5}},"3":{"start":{"line":13,"column":3},"end":{"line":17,"column":4}},"4":{"start":{"line":14,"column":4},"end":{"line":14,"column":43}},"5":{"start":{"line":16,"column":4},"end":{"line":16,"column":16}},"6":{"start":{"line":29,"column":2},"end":{"line":29,"column":20}},"7":{"start":{"line":32,"column":2},"end":{"line":35,"column":3}},"8":{"start":{"line":33,"column":3},"end":{"line":33,"column":38}},"9":{"start":{"line":34,"column":3},"end":{"line":34,"column":17}},"10":{"start":{"line":37,"column":2},"end":{"line":55,"column":5}},"11":{"start":{"line":39,"column":3},"end":{"line":42,"column":4}},"12":{"start":{"line":40,"column":4},"end":{"line":40,"column":40}},"13":{"start":{"line":41,"column":4},"end":{"line":41,"column":16}},"14":{"start":{"line":45,"column":3},"end":{"line":48,"column":4}},"15":{"start":{"line":46,"column":4},"end":{"line":46,"column":45}},"16":{"start":{"line":47,"column":4},"end":{"line":47,"column":16}},"17":{"start":{"line":51,"column":3},"end":{"line":54,"column":4}},"18":{"start":{"line":52,"column":4},"end":{"line":52,"column":45}},"19":{"start":{"line":53,"column":4},"end":{"line":53,"column":16}},"20":{"start":{"line":57,"column":2},"end":{"line":57,"column":16}},"21":{"start":{"line":67,"column":2},"end":{"line":67,"column":41}},"22":{"start":{"line":69,"column":2},"end":{"line":71,"column":3}},"23":{"start":{"line":70,"column":3},"end":{"line":70,"column":84}},"24":{"start":{"line":74,"column":2},"end":{"line":74,"column":48}},"25":{"start":{"line":76,"column":2},"end":{"line":76,"column":44}},"26":{"start":{"line":87,"column":2},"end":{"line":87,"column":29}},"27":{"start":{"line":98,"column":2},"end":{"line":110,"column":9}},"28":{"start":{"line":100,"column":3},"end":{"line":103,"column":4}},"29":{"start":{"line":101,"column":4},"end":{"line":101,"column":26}},"30":{"start":{"line":102,"column":4},"end":{"line":102,"column":18}},"31":{"start":{"line":106,"column":3},"end":{"line":106,"column":56}},"32":{"start":{"line":107,"column":3},"end":{"line":107,"column":30}},"33":{"start":{"line":109,"column":3},"end":{"line":109,"column":17}},"34":{"start":{"line":124,"column":2},"end":{"line":126,"column":3}},"35":{"start":{"line":125,"column":3},"end":{"line":125,"column":15}},"36":{"start":{"line":128,"column":2},"end":{"line":128,"column":57}},"37":{"start":{"line":133,"column":2},"end":{"line":133,"column":37}},"38":{"start":{"line":144,"column":2},"end":{"line":144,"column":55}},"39":{"start":{"line":146,"column":2},"end":{"line":146,"column":42}},"40":{"start":{"line":157,"column":2},"end":{"line":157,"column":35}},"41":{"start":{"line":168,"column":2},"end":{"line":178,"column":33}},"42":{"start":{"line":170,"column":3},"end":{"line":174,"column":4}},"43":{"start":{"line":171,"column":4},"end":{"line":171,"column":39}},"44":{"start":{"line":173,"column":4},"end":{"line":173,"column":59}},"45":{"start":{"line":176,"column":3},"end":{"line":176,"column":17}},"46":{"start":{"line":189,"column":2},"end":{"line":189,"column":29}},"47":{"start":{"line":190,"column":2},"end":{"line":190,"column":44}},"48":{"start":{"line":192,"column":2},"end":{"line":192,"column":119}},"49":{"start":{"line":205,"column":0},"end":{"line":205,"column":31}}},"branchMap":{"1":{"line":32,"type":"if","locations":[{"start":{"line":32,"column":2},"end":{"line":32,"column":2}},{"start":{"line":32,"column":2},"end":{"line":32,"column":2}}]},"2":{"line":39,"type":"if","locations":[{"start":{"line":39,"column":3},"end":{"line":39,"column":3}},{"start":{"line":39,"column":3},"end":{"line":39,"column":3}}]},"3":{"line":45,"type":"if","locations":[{"start":{"line":45,"column":3},"end":{"line":45,"column":3}},{"start":{"line":45,"column":3},"end":{"line":45,"column":3}}]},"4":{"line":51,"type":"if","locations":[{"start":{"line":51,"column":3},"end":{"line":51,"column":3}},{"start":{"line":51,"column":3},"end":{"line":51,"column":3}}]},"5":{"line":51,"type":"binary-expr","locations":[{"start":{"line":51,"column":7},"end":{"line":51,"column":12}},{"start":{"line":51,"column":16},"end":{"line":51,"column":39}}]},"6":{"line":69,"type":"if","locations":[{"start":{"line":69,"column":2},"end":{"line":69,"column":2}},{"start":{"line":69,"column":2},"end":{"line":69,"column":2}}]},"7":{"line":100,"type":"if","locations":[{"start":{"line":100,"column":3},"end":{"line":100,"column":3}},{"start":{"line":100,"column":3},"end":{"line":100,"column":3}}]},"8":{"line":124,"type":"if","locations":[{"start":{"line":124,"column":2},"end":{"line":124,"column":2}},{"start":{"line":124,"column":2},"end":{"line":124,"column":2}}]},"9":{"line":170,"type":"if","locations":[{"start":{"line":170,"column":3},"end":{"line":170,"column":3}},{"start":{"line":170,"column":3},"end":{"line":170,"column":3}}]},"10":{"line":192,"type":"cond-expr","locations":[{"start":{"line":192,"column":71},"end":{"line":192,"column":91}},{"start":{"line":192,"column":94},"end":{"line":192,"column":117}}]}}}}