TN:
SF:/home/oleg/range-array/lib/index.js
FN:10,rangeArrayToString
FNF:1
FNH:1
FNDA:15,rangeArrayToString
DA:2,1
DA:10,1
DA:11,15
DA:14,1
LF:4
LH:4
BRF:0
BRH:0
end_of_record
TN:
SF:/home/oleg/range-array/lib/arrayRangeLib.js
FN:11,(anonymous_1)
FN:28,(anonymous_2)
FN:66,(anonymous_3)
FN:86,(anonymous_4)
FN:97,(anonymous_5)
FN:122,(anonymous_6)
FN:143,(anonymous_7)
FN:156,(anonymous_8)
FN:167,(anonymous_9)
FN:188,(anonymous_10)
FNF:10
FNH:10
FNDA:15,(anonymous_1)
FNDA:15,(anonymous_2)
FNDA:15,(anonymous_3)
FNDA:168,(anonymous_4)
FNDA:11,(anonymous_5)
FNDA:68,(anonymous_6)
FNDA:57,(anonymous_7)
FNDA:97,(anonymous_8)
FNDA:11,(anonymous_9)
FNDA:14,(anonymous_10)
DA:3,1
DA:12,15
DA:13,15
DA:14,15
DA:16,4
DA:29,15
DA:32,15
DA:33,1
DA:34,1
DA:37,14
DA:39,76
DA:40,1
DA:41,1
DA:45,75
DA:46,1
DA:47,1
DA:51,74
DA:52,1
DA:53,1
DA:57,14
DA:67,15
DA:69,15
DA:70,4
DA:74,11
DA:76,11
DA:87,168
DA:98,11
DA:100,68
DA:101,28
DA:102,28
DA:106,40
DA:107,40
DA:109,40
DA:124,68
DA:125,11
DA:128,57
DA:133,57
DA:144,57
DA:146,57
DA:157,97
DA:168,11
DA:170,28
DA:171,14
DA:173,14
DA:176,28
DA:189,14
DA:190,14
DA:192,14
DA:205,1
LF:49
LH:49
BRDA:32,1,0,1
BRDA:32,1,1,14
BRDA:39,2,0,1
BRDA:39,2,1,75
BRDA:45,3,0,1
BRDA:45,3,1,74
BRDA:51,4,0,1
BRDA:51,4,1,73
BRDA:51,5,0,74
BRDA:51,5,1,62
BRDA:69,6,0,4
BRDA:69,6,1,11
BRDA:100,7,0,28
BRDA:100,7,1,40
BRDA:124,8,0,11
BRDA:124,8,1,57
BRDA:170,9,0,14
BRDA:170,9,1,14
BRDA:192,10,0,11
BRDA:192,10,1,3
BRF:20
BRH:20
end_of_record
